<?xml version="1.0"?>
<testsuite name="HeadlessChrome 90.0.4430 (Mac OS X 10.15.7)" package="unit" timestamp="2022-03-30T09:56:54" id="0" hostname="Macs-iMac.local" tests="43" errors="0" failures="38" time="1.051">
  <properties>
    <property name="browser.fullName" value="Mozilla/5.0 (Macintosh; Intel Mac OS X 10_15_7) AppleWebKit/537.36 (KHTML, like Gecko) HeadlessChrome/90.0.4430.72 Safari/537.36"/>
  </properties>
  <testcase name="CalendarViewComponent TS file Test2 monthGenerator should generate Objects" time="0.143" classname=".CalendarViewComponent TS file">
    <failure type="">Error: Expected $.length = 0 to equal 6.
Expected $[0] = undefined to equal [ DateInMonth({ enabled: false, date: '24/11/2019' }), DateInMonth({ enabled: false, date: '25/11/2019' }), DateInMonth({ enabled: false, date: '26/11/2019' }), DateInMonth({ enabled: false, date: '27/11/2019' }), DateInMonth({ enabled: false, date: '28/11/2019' }), DateInMonth({ enabled: false, date: '29/11/2019' }), DateInMonth({ enabled: false, date: '30/11/2019' }) ].
Expected $[1] = undefined to equal [ DateInMonth({ enabled: true, date: '01/12/2019' }), DateInMonth({ enabled: true, date: '02/12/2019' }), DateInMonth({ enabled: true, date: '03/12/2019' }), DateInMonth({ enabled: true, date: '04/12/2019' }), DateInMonth({ enabled: true, date: '05/12/2019' }), DateInMonth({ enabled: true, date: '06/12/2019' }), DateInMonth({ enabled: true, date: '07/12/2019' }) ].
Expected $[2] = undefined to equal [ DateInMonth({ enabled: true, date: '08/12/2019' }), DateInMonth({ enabled: true, date: '09/12/2019' }), DateInMonth({ enabled: true, date: '10/12/2019' }), DateInMonth({ enabled: true, date: '11/12/2019' }), DateInMonth({ enabled: true, date: '12/12/2019' }), DateInMonth({ enabled: true, date: '13/12/2019' }), DateInMonth({ enabled: true, date: '14/12/2019' }) ].
Expected $[3] = undefined to equal [ DateInMonth({ enabled: true, date: '15/12/2019' }), DateInMonth({ enabled: true, date: '16/12/2019' }), DateInMonth({ enabled: true, date: '17/12/2019' }), DateInMonth({ enabled: true, date: '18/12/2019' }), DateInMonth({ enabled: true, date: '19/12/2019' }), DateInMonth({ enabled: true, date: '20/12/2019' }), DateInMonth({ enabled: true, date: '21/12/2019' }) ].
Expected $[4] = undefined to equal [ DateInMonth({ enabled: true, date: '22/12/2019' }), DateInMonth({ enabled: true, date: '23/12/2019' }), DateInMonth({ enabled: true, date: '24/12/2019' }), DateInMonth({ enabled: true, date: '25/12/2019' }), DateInMonth({ enabled: true, date: '26/12/2019' }), DateInMonth({ enabled: true, date: '27/12/2019' }), DateInMonth({ enabled: true, date: '28/12/2019' }) ].
Expected $[5] = undefined to equal [ DateInMonth({ enabled: true, date: '29/12/2019' }), DateInMonth({ enabled: true, date: '30/12/2019' }), DateInMonth({ enabled: true, date: '31/12/2019' }), DateInMonth({ enabled: false, date: '01/01/2019' }), DateInMonth({ enabled: false, date: '02/01/2019' }), DateInMonth({ enabled: false, date: '03/01/2019' }), DateInMonth({ enabled: false, date: '04/01/2019' }) ].
    at &lt;Jasmine&gt;
    at UserContext.&lt;anonymous&gt; (http://localhost:9876/_karma_webpack_/src/app/dashboard/calendar-view/calendar-view.component.spec.ts:65:33)
    at ZoneDelegate.invoke (http://localhost:9876/_karma_webpack_/node_modules/zone.js/dist/zone-evergreen.js:364:1)
    at ProxyZoneSpec.push../node_modules/zone.js/dist/zone-testing.js.ProxyZoneSpec.onInvoke (http://localhost:9876/_karma_webpack_/node_modules/zone.js/dist/zone-testing.js:292:1)
</failure>
  </testcase>
  <testcase name="CalendarViewComponent TS file Test3 monthGenerator should generate Objects" time="0.015" classname=".CalendarViewComponent TS file">
    <failure type="">Error: Expected $.length = 0 to equal 6.
Expected $[0] = undefined to equal [ DateInMonth({ enabled: false, date: '23/02/2020' }), DateInMonth({ enabled: false, date: '24/02/2020' }), DateInMonth({ enabled: false, date: '25/02/2020' }), DateInMonth({ enabled: false, date: '26/02/2020' }), DateInMonth({ enabled: false, date: '27/02/2020' }), DateInMonth({ enabled: false, date: '28/02/2020' }), DateInMonth({ enabled: false, date: '29/02/2020' }) ].
Expected $[1] = undefined to equal [ DateInMonth({ enabled: true, date: '01/03/2020' }), DateInMonth({ enabled: true, date: '02/03/2020' }), DateInMonth({ enabled: true, date: '03/03/2020' }), DateInMonth({ enabled: true, date: '04/03/2020' }), DateInMonth({ enabled: true, date: '05/03/2020' }), DateInMonth({ enabled: true, date: '06/03/2020' }), DateInMonth({ enabled: true, date: '07/03/2020' }) ].
Expected $[2] = undefined to equal [ DateInMonth({ enabled: true, date: '08/03/2020' }), DateInMonth({ enabled: true, date: '09/03/2020' }), DateInMonth({ enabled: true, date: '10/03/2020' }), DateInMonth({ enabled: true, date: '11/03/2020' }), DateInMonth({ enabled: true, date: '12/03/2020' }), DateInMonth({ enabled: true, date: '13/03/2020' }), DateInMonth({ enabled: true, date: '14/03/2020' }) ].
Expected $[3] = undefined to equal [ DateInMonth({ enabled: true, date: '15/03/2020' }), DateInMonth({ enabled: true, date: '16/03/2020' }), DateInMonth({ enabled: true, date: '17/03/2020' }), DateInMonth({ enabled: true, date: '18/03/2020' }), DateInMonth({ enabled: true, date: '19/03/2020' }), DateInMonth({ enabled: true, date: '20/03/2020' }), DateInMonth({ enabled: true, date: '21/03/2020' }) ].
Expected $[4] = undefined to equal [ DateInMonth({ enabled: true, date: '22/03/2020' }), DateInMonth({ enabled: true, date: '23/03/2020' }), DateInMonth({ enabled: true, date: '24/03/2020' }), DateInMonth({ enabled: true, date: '25/03/2020' }), DateInMonth({ enabled: true, date: '26/03/2020' }), DateInMonth({ enabled: true, date: '27/03/2020' }), DateInMonth({ enabled: true, date: '28/03/2020' }) ].
Expected $[5] = undefined to equal [ DateInMonth({ enabled: true, date: '29/03/2020' }), DateInMonth({ enabled: true, date: '30/03/2020' }), DateInMonth({ enabled: true, date: '31/03/2020' }), DateInMonth({ enabled: false, date: '01/04/2020' }), DateInMonth({ enabled: false, date: '02/04/2020' }), DateInMonth({ enabled: false, date: '03/04/2020' }), DateInMonth({ enabled: false, date: '04/04/2020' }) ].
    at &lt;Jasmine&gt;
    at UserContext.&lt;anonymous&gt; (http://localhost:9876/_karma_webpack_/src/app/dashboard/calendar-view/calendar-view.component.spec.ts:73:33)
    at ZoneDelegate.invoke (http://localhost:9876/_karma_webpack_/node_modules/zone.js/dist/zone-evergreen.js:364:1)
    at ProxyZoneSpec.push../node_modules/zone.js/dist/zone-testing.js.ProxyZoneSpec.onInvoke (http://localhost:9876/_karma_webpack_/node_modules/zone.js/dist/zone-testing.js:292:1)
</failure>
  </testcase>
  <testcase name="CalendarViewComponent TS file holidayInitializer should use getHolidays() in HolidayService to get holiday list" time="0.012" classname=".CalendarViewComponent TS file">
    <failure type="">Error: Expected spy HolidayService.getHolidays to have been called with:
  [ 'ccc', 2, 2020 ]
but it was never called.
    at &lt;Jasmine&gt;
    at UserContext.&lt;anonymous&gt; (http://localhost:9876/_karma_webpack_/src/app/dashboard/calendar-view/calendar-view.component.spec.ts:91:45)
    at ZoneDelegate.invoke (http://localhost:9876/_karma_webpack_/node_modules/zone.js/dist/zone-evergreen.js:364:1)
    at ProxyZoneSpec.push../node_modules/zone.js/dist/zone-testing.js.ProxyZoneSpec.onInvoke (http://localhost:9876/_karma_webpack_/node_modules/zone.js/dist/zone-testing.js:292:1)
</failure>
  </testcase>
  <testcase name="CalendarViewComponent TS file Test2 getHolidays() => response data should be converted and intialized to responseDateObjs" time="0.013" classname=".CalendarViewComponent TS file">
    <failure type="">Error: Expected undefined to equal Object({ date: '05/12/2019', id: 134, holidayName: 'new day' }).
    at &lt;Jasmine&gt;
    at http://localhost:9876/_karma_webpack_/src/app/dashboard/calendar-view/calendar-view.component.spec.ts:115:64
    at Array.forEach (&lt;anonymous&gt;)
    at SafeSubscriber._next (http://localhost:9876/_karma_webpack_/src/app/dashboard/calendar-view/calendar-view.component.spec.ts:114:24)
</failure>
    <failure type="">Error: Expected undefined to equal Object({ date: '18/12/2019', id: 131, holidayName: 'kvvvbbbb' }).
    at &lt;Jasmine&gt;
    at http://localhost:9876/_karma_webpack_/src/app/dashboard/calendar-view/calendar-view.component.spec.ts:115:64
    at Array.forEach (&lt;anonymous&gt;)
    at SafeSubscriber._next (http://localhost:9876/_karma_webpack_/src/app/dashboard/calendar-view/calendar-view.component.spec.ts:114:24)
</failure>
    <failure type="">Error: Expected undefined to equal Object({ date: '20/12/2019', id: 132, holidayName: 'cccc' }).
    at &lt;Jasmine&gt;
    at http://localhost:9876/_karma_webpack_/src/app/dashboard/calendar-view/calendar-view.component.spec.ts:115:64
    at Array.forEach (&lt;anonymous&gt;)
    at SafeSubscriber._next (http://localhost:9876/_karma_webpack_/src/app/dashboard/calendar-view/calendar-view.component.spec.ts:114:24)
</failure>
    <failure type="">Error: Expected undefined to equal Object({ date: '22/12/2019', id: 132, holidayName: 'uashdashdjk' }).
    at &lt;Jasmine&gt;
    at http://localhost:9876/_karma_webpack_/src/app/dashboard/calendar-view/calendar-view.component.spec.ts:115:64
    at Array.forEach (&lt;anonymous&gt;)
    at SafeSubscriber._next (http://localhost:9876/_karma_webpack_/src/app/dashboard/calendar-view/calendar-view.component.spec.ts:114:24)
</failure>
  </testcase>
  <testcase name="CalendarViewComponent TS file monthGenerator should call holidayInitializer after generating objects" time="0.012" classname=".CalendarViewComponent TS file">
    <failure type="">Error: Expected spy holidayInitializer to have been called.
    at &lt;Jasmine&gt;
    at UserContext.&lt;anonymous&gt; (http://localhost:9876/_karma_webpack_/src/app/dashboard/calendar-view/calendar-view.component.spec.ts:82:19)
    at ZoneDelegate.invoke (http://localhost:9876/_karma_webpack_/node_modules/zone.js/dist/zone-evergreen.js:364:1)
    at ProxyZoneSpec.push../node_modules/zone.js/dist/zone-testing.js.ProxyZoneSpec.onInvoke (http://localhost:9876/_karma_webpack_/node_modules/zone.js/dist/zone-testing.js:292:1)
</failure>
  </testcase>
  <testcase name="CalendarViewComponent TS file Test1 getHolidays() => response data should be converted and intialized to responseDateObjs" time="0.012" classname=".CalendarViewComponent TS file">
    <failure type="">Error: Expected undefined to equal Object({ date: '14/02/2020', id: 131, holidayName: 'kvvvbbbb' }).
    at &lt;Jasmine&gt;
    at http://localhost:9876/_karma_webpack_/src/app/dashboard/calendar-view/calendar-view.component.spec.ts:103:62
    at Array.forEach (&lt;anonymous&gt;)
    at http://localhost:9876/_karma_webpack_/src/app/dashboard/calendar-view/calendar-view.component.spec.ts:102:22
</failure>
    <failure type="">Error: Expected undefined to equal Object({ date: '15/02/2020', id: 132, holidayName: 'cccc' }).
    at &lt;Jasmine&gt;
    at http://localhost:9876/_karma_webpack_/src/app/dashboard/calendar-view/calendar-view.component.spec.ts:103:62
    at Array.forEach (&lt;anonymous&gt;)
    at http://localhost:9876/_karma_webpack_/src/app/dashboard/calendar-view/calendar-view.component.spec.ts:102:22
</failure>
    <failure type="">Error: Expected undefined to equal Object({ date: '29/02/2020', id: 134, holidayName: 'new day' }).
    at &lt;Jasmine&gt;
    at http://localhost:9876/_karma_webpack_/src/app/dashboard/calendar-view/calendar-view.component.spec.ts:103:62
    at Array.forEach (&lt;anonymous&gt;)
    at http://localhost:9876/_karma_webpack_/src/app/dashboard/calendar-view/calendar-view.component.spec.ts:102:22
</failure>
  </testcase>
  <testcase name="CalendarViewComponent TS file Test1 monthGenerator should generate Objects" time="0.011" classname=".CalendarViewComponent TS file">
    <failure type="">Error: Expected $.length = 0 to equal 6.
Expected $[0] = undefined to equal [ DateInMonth({ enabled: false, date: '26/01/2020' }), DateInMonth({ enabled: false, date: '27/01/2020' }), DateInMonth({ enabled: false, date: '28/01/2020' }), DateInMonth({ enabled: false, date: '29/01/2020' }), DateInMonth({ enabled: false, date: '30/01/2020' }), DateInMonth({ enabled: false, date: '31/01/2020' }), DateInMonth({ enabled: true, date: '01/02/2020' }) ].
Expected $[1] = undefined to equal [ DateInMonth({ enabled: true, date: '02/02/2020' }), DateInMonth({ enabled: true, date: '03/02/2020' }), DateInMonth({ enabled: true, date: '04/02/2020' }), DateInMonth({ enabled: true, date: '05/02/2020' }), DateInMonth({ enabled: true, date: '06/02/2020' }), DateInMonth({ enabled: true, date: '07/02/2020' }), DateInMonth({ enabled: true, date: '08/02/2020' }) ].
Expected $[2] = undefined to equal [ DateInMonth({ enabled: true, date: '09/02/2020' }), DateInMonth({ enabled: true, date: '10/02/2020' }), DateInMonth({ enabled: true, date: '11/02/2020' }), DateInMonth({ enabled: true, date: '12/02/2020' }), DateInMonth({ enabled: true, date: '13/02/2020' }), DateInMonth({ enabled: true, date: '14/02/2020' }), DateInMonth({ enabled: true, date: '15/02/2020' }) ].
Expected $[3] = undefined to equal [ DateInMonth({ enabled: true, date: '16/02/2020' }), DateInMonth({ enabled: true, date: '17/02/2020' }), DateInMonth({ enabled: true, date: '18/02/2020' }), DateInMonth({ enabled: true, date: '19/02/2020' }), DateInMonth({ enabled: true, date: '20/02/2020' }), DateInMonth({ enabled: true, date: '21/02/2020' }), DateInMonth({ enabled: true, date: '22/02/2020' }) ].
Expected $[4] = undefined to equal [ DateInMonth({ enabled: true, date: '23/02/2020' }), DateInMonth({ enabled: true, date: '24/02/2020' }), DateInMonth({ enabled: true, date: '25/02/2020' }), DateInMonth({ enabled: true, date: '26/02/2020' }), DateInMonth({ enabled: true, date: '27/02/2020' }), DateInMonth({ enabled: true, date: '28/02/2020' }), DateInMonth({ enabled: true, date: '29/02/2020' }) ].
Expected $[5] = undefined to equal [ DateInMonth({ enabled: false, date: '01/03/2020' }), DateInMonth({ enabled: false, date: '02/03/2020' }), DateInMonth({ enabled: false, date: '03/03/2020' }), DateInMonth({ enabled: false, date: '04/03/2020' }), DateInMonth({ enabled: false, date: '05/03/2020' }), DateInMonth({ enabled: false, date: '06/03/2020' }), DateInMonth({ enabled: false, date: '07/03/2020' }) ].
    at &lt;Jasmine&gt;
    at UserContext.&lt;anonymous&gt; (http://localhost:9876/_karma_webpack_/src/app/dashboard/calendar-view/calendar-view.component.spec.ts:57:33)
    at ZoneDelegate.invoke (http://localhost:9876/_karma_webpack_/node_modules/zone.js/dist/zone-evergreen.js:364:1)
    at ProxyZoneSpec.push../node_modules/zone.js/dist/zone-testing.js.ProxyZoneSpec.onInvoke (http://localhost:9876/_karma_webpack_/node_modules/zone.js/dist/zone-testing.js:292:1)
</failure>
  </testcase>
  <testcase name="CalendarViewComponent HTML file calendar-header should contain css class" time="0.013" classname=".CalendarViewComponent HTML file">
    <failure type="">Error: Expected 0 to be 7.
    at &lt;Jasmine&gt;
    at UserContext.&lt;anonymous&gt; (http://localhost:9876/_karma_webpack_/src/app/dashboard/calendar-view/calendar-view.component.spec.ts:137:33)
    at ZoneDelegate.invoke (http://localhost:9876/_karma_webpack_/node_modules/zone.js/dist/zone-evergreen.js:364:1)
    at ProxyZoneSpec.push../node_modules/zone.js/dist/zone-testing.js.ProxyZoneSpec.onInvoke (http://localhost:9876/_karma_webpack_/node_modules/zone.js/dist/zone-testing.js:292:1)
</failure>
    <failure type="">TypeError: Cannot read property 'textContent' of undefined
    at UserContext.&lt;anonymous&gt; (http://localhost:9876/_karma_webpack_/src/app/dashboard/calendar-view/calendar-view.component.spec.ts:140:32)
    at ZoneDelegate.invoke (http://localhost:9876/_karma_webpack_/node_modules/zone.js/dist/zone-evergreen.js:364:1)
    at ProxyZoneSpec.push../node_modules/zone.js/dist/zone-testing.js.ProxyZoneSpec.onInvoke (http://localhost:9876/_karma_webpack_/node_modules/zone.js/dist/zone-testing.js:292:1)
    at ZoneDelegate.invoke (http://localhost:9876/_karma_webpack_/node_modules/zone.js/dist/zone-evergreen.js:363:1)
    at Zone.run (http://localhost:9876/_karma_webpack_/node_modules/zone.js/dist/zone-evergreen.js:123:1)
    at runInTestZone (http://localhost:9876/_karma_webpack_/node_modules/zone.js/dist/zone-testing.js:545:1)
    at UserContext.&lt;anonymous&gt; (http://localhost:9876/_karma_webpack_/node_modules/zone.js/dist/zone-testing.js:560:1)
    at &lt;Jasmine&gt;
</failure>
  </testcase>
  <testcase name="CalendarViewComponent HTML file calendar-body should contain 42 .td-month" time="0.011" classname=".CalendarViewComponent HTML file">
    <failure type="">TypeError: Cannot read property 'nativeElement' of null
    at UserContext.&lt;anonymous&gt; (http://localhost:9876/_karma_webpack_/src/app/dashboard/calendar-view/calendar-view.component.spec.ts:159:38)
    at ZoneDelegate.invoke (http://localhost:9876/_karma_webpack_/node_modules/zone.js/dist/zone-evergreen.js:364:1)
    at ProxyZoneSpec.push../node_modules/zone.js/dist/zone-testing.js.ProxyZoneSpec.onInvoke (http://localhost:9876/_karma_webpack_/node_modules/zone.js/dist/zone-testing.js:292:1)
    at ZoneDelegate.invoke (http://localhost:9876/_karma_webpack_/node_modules/zone.js/dist/zone-evergreen.js:363:1)
    at Zone.run (http://localhost:9876/_karma_webpack_/node_modules/zone.js/dist/zone-evergreen.js:123:1)
    at runInTestZone (http://localhost:9876/_karma_webpack_/node_modules/zone.js/dist/zone-testing.js:545:1)
    at UserContext.&lt;anonymous&gt; (http://localhost:9876/_karma_webpack_/node_modules/zone.js/dist/zone-testing.js:560:1)
    at &lt;Jasmine&gt;
</failure>
  </testcase>
  <testcase name="CalendarViewComponent HTML file calendar-header should contain header" time="0.011" classname=".CalendarViewComponent HTML file">
    <failure type="">Error: Expected 0 to be 7.
    at &lt;Jasmine&gt;
    at UserContext.&lt;anonymous&gt; (http://localhost:9876/_karma_webpack_/src/app/dashboard/calendar-view/calendar-view.component.spec.ts:127:33)
    at ZoneDelegate.invoke (http://localhost:9876/_karma_webpack_/node_modules/zone.js/dist/zone-evergreen.js:364:1)
    at ProxyZoneSpec.push../node_modules/zone.js/dist/zone-testing.js.ProxyZoneSpec.onInvoke (http://localhost:9876/_karma_webpack_/node_modules/zone.js/dist/zone-testing.js:292:1)
</failure>
    <failure type="">TypeError: Cannot read property 'textContent' of undefined
    at UserContext.&lt;anonymous&gt; (http://localhost:9876/_karma_webpack_/src/app/dashboard/calendar-view/calendar-view.component.spec.ts:130:32)
    at ZoneDelegate.invoke (http://localhost:9876/_karma_webpack_/node_modules/zone.js/dist/zone-evergreen.js:364:1)
    at ProxyZoneSpec.push../node_modules/zone.js/dist/zone-testing.js.ProxyZoneSpec.onInvoke (http://localhost:9876/_karma_webpack_/node_modules/zone.js/dist/zone-testing.js:292:1)
    at ZoneDelegate.invoke (http://localhost:9876/_karma_webpack_/node_modules/zone.js/dist/zone-evergreen.js:363:1)
    at Zone.run (http://localhost:9876/_karma_webpack_/node_modules/zone.js/dist/zone-evergreen.js:123:1)
    at runInTestZone (http://localhost:9876/_karma_webpack_/node_modules/zone.js/dist/zone-testing.js:545:1)
    at UserContext.&lt;anonymous&gt; (http://localhost:9876/_karma_webpack_/node_modules/zone.js/dist/zone-testing.js:560:1)
    at &lt;Jasmine&gt;
</failure>
  </testcase>
  <testcase name="CalendarViewComponent HTML file calendar-body should contain 6 rows" time="0.016" classname=".CalendarViewComponent HTML file">
    <failure type="">TypeError: Cannot read property 'nativeElement' of null
    at UserContext.&lt;anonymous&gt; (http://localhost:9876/_karma_webpack_/src/app/dashboard/calendar-view/calendar-view.component.spec.ts:150:38)
    at ZoneDelegate.invoke (http://localhost:9876/_karma_webpack_/node_modules/zone.js/dist/zone-evergreen.js:364:1)
    at ProxyZoneSpec.push../node_modules/zone.js/dist/zone-testing.js.ProxyZoneSpec.onInvoke (http://localhost:9876/_karma_webpack_/node_modules/zone.js/dist/zone-testing.js:292:1)
    at ZoneDelegate.invoke (http://localhost:9876/_karma_webpack_/node_modules/zone.js/dist/zone-evergreen.js:363:1)
    at Zone.run (http://localhost:9876/_karma_webpack_/node_modules/zone.js/dist/zone-evergreen.js:123:1)
    at runInTestZone (http://localhost:9876/_karma_webpack_/node_modules/zone.js/dist/zone-testing.js:545:1)
    at UserContext.&lt;anonymous&gt; (http://localhost:9876/_karma_webpack_/node_modules/zone.js/dist/zone-testing.js:560:1)
    at &lt;Jasmine&gt;
</failure>
  </testcase>
  <testcase name="CalendarViewComponent HTML file Testing number of .tdDisabled css class" time="0.015" classname=".CalendarViewComponent HTML file">
    <failure type="">TypeError: Cannot read property 'nativeElement' of null
    at UserContext.&lt;anonymous&gt; (http://localhost:9876/_karma_webpack_/src/app/dashboard/calendar-view/calendar-view.component.spec.ts:190:38)
    at ZoneDelegate.invoke (http://localhost:9876/_karma_webpack_/node_modules/zone.js/dist/zone-evergreen.js:364:1)
    at ProxyZoneSpec.push../node_modules/zone.js/dist/zone-testing.js.ProxyZoneSpec.onInvoke (http://localhost:9876/_karma_webpack_/node_modules/zone.js/dist/zone-testing.js:292:1)
    at ZoneDelegate.invoke (http://localhost:9876/_karma_webpack_/node_modules/zone.js/dist/zone-evergreen.js:363:1)
    at Zone.run (http://localhost:9876/_karma_webpack_/node_modules/zone.js/dist/zone-evergreen.js:123:1)
    at runInTestZone (http://localhost:9876/_karma_webpack_/node_modules/zone.js/dist/zone-testing.js:545:1)
    at UserContext.&lt;anonymous&gt; (http://localhost:9876/_karma_webpack_/node_modules/zone.js/dist/zone-testing.js:560:1)
    at &lt;Jasmine&gt;
</failure>
  </testcase>
  <testcase name="CalendarViewComponent HTML file Testing number of .tdEnabled css class" time="0.011" classname=".CalendarViewComponent HTML file">
    <failure type="">TypeError: Cannot read property 'nativeElement' of null
    at UserContext.&lt;anonymous&gt; (http://localhost:9876/_karma_webpack_/src/app/dashboard/calendar-view/calendar-view.component.spec.ts:174:38)
    at ZoneDelegate.invoke (http://localhost:9876/_karma_webpack_/node_modules/zone.js/dist/zone-evergreen.js:364:1)
    at ProxyZoneSpec.push../node_modules/zone.js/dist/zone-testing.js.ProxyZoneSpec.onInvoke (http://localhost:9876/_karma_webpack_/node_modules/zone.js/dist/zone-testing.js:292:1)
    at ZoneDelegate.invoke (http://localhost:9876/_karma_webpack_/node_modules/zone.js/dist/zone-evergreen.js:363:1)
    at Zone.run (http://localhost:9876/_karma_webpack_/node_modules/zone.js/dist/zone-evergreen.js:123:1)
    at runInTestZone (http://localhost:9876/_karma_webpack_/node_modules/zone.js/dist/zone-testing.js:545:1)
    at UserContext.&lt;anonymous&gt; (http://localhost:9876/_karma_webpack_/node_modules/zone.js/dist/zone-testing.js:560:1)
    at &lt;Jasmine&gt;
</failure>
  </testcase>
  <testcase name="CalendarViewComponent HTML file Display Holiday names in calendar" time="0.008" classname=".CalendarViewComponent HTML file">
    <failure type="">TypeError: Cannot read property 'queryAll' of null
    at UserContext.&lt;anonymous&gt; (http://localhost:9876/_karma_webpack_/src/app/dashboard/calendar-view/calendar-view.component.spec.ts:239:38)
    at ZoneDelegate.invoke (http://localhost:9876/_karma_webpack_/node_modules/zone.js/dist/zone-evergreen.js:364:1)
    at ProxyZoneSpec.push../node_modules/zone.js/dist/zone-testing.js.ProxyZoneSpec.onInvoke (http://localhost:9876/_karma_webpack_/node_modules/zone.js/dist/zone-testing.js:292:1)
    at ZoneDelegate.invoke (http://localhost:9876/_karma_webpack_/node_modules/zone.js/dist/zone-evergreen.js:363:1)
    at Zone.run (http://localhost:9876/_karma_webpack_/node_modules/zone.js/dist/zone-evergreen.js:123:1)
    at runInTestZone (http://localhost:9876/_karma_webpack_/node_modules/zone.js/dist/zone-testing.js:545:1)
    at UserContext.&lt;anonymous&gt; (http://localhost:9876/_karma_webpack_/node_modules/zone.js/dist/zone-testing.js:560:1)
    at &lt;Jasmine&gt;
</failure>
  </testcase>
  <testcase name="CalendarViewComponent HTML file Display date" time="0.01" classname=".CalendarViewComponent HTML file">
    <failure type="">TypeError: Cannot read property 'queryAll' of null
    at UserContext.&lt;anonymous&gt; (http://localhost:9876/_karma_webpack_/src/app/dashboard/calendar-view/calendar-view.component.spec.ts:204:36)
    at ZoneDelegate.invoke (http://localhost:9876/_karma_webpack_/node_modules/zone.js/dist/zone-evergreen.js:364:1)
    at ProxyZoneSpec.push../node_modules/zone.js/dist/zone-testing.js.ProxyZoneSpec.onInvoke (http://localhost:9876/_karma_webpack_/node_modules/zone.js/dist/zone-testing.js:292:1)
    at ZoneDelegate.invoke (http://localhost:9876/_karma_webpack_/node_modules/zone.js/dist/zone-evergreen.js:363:1)
    at Zone.run (http://localhost:9876/_karma_webpack_/node_modules/zone.js/dist/zone-evergreen.js:123:1)
    at runInTestZone (http://localhost:9876/_karma_webpack_/node_modules/zone.js/dist/zone-testing.js:545:1)
    at UserContext.&lt;anonymous&gt; (http://localhost:9876/_karma_webpack_/node_modules/zone.js/dist/zone-testing.js:560:1)
    at &lt;Jasmine&gt;
</failure>
  </testcase>
  <testcase name="HolidayService http Test getCities should use Get method and should return Observable" time="0.008" classname=".HolidayService http">
    <failure type="">TypeError: Cannot read property 'subscribe' of null
    at UserContext.&lt;anonymous&gt; (http://localhost:9876/_karma_webpack_/src/app/services/holiday.service.spec.ts:34:26)
    at ZoneDelegate.invoke (http://localhost:9876/_karma_webpack_/node_modules/zone.js/dist/zone-evergreen.js:364:1)
    at ProxyZoneSpec.push../node_modules/zone.js/dist/zone-testing.js.ProxyZoneSpec.onInvoke (http://localhost:9876/_karma_webpack_/node_modules/zone.js/dist/zone-testing.js:292:1)
    at ZoneDelegate.invoke (http://localhost:9876/_karma_webpack_/node_modules/zone.js/dist/zone-evergreen.js:363:1)
    at Zone.run (http://localhost:9876/_karma_webpack_/node_modules/zone.js/dist/zone-evergreen.js:123:1)
    at runInTestZone (http://localhost:9876/_karma_webpack_/node_modules/zone.js/dist/zone-testing.js:545:1)
    at UserContext.&lt;anonymous&gt; (http://localhost:9876/_karma_webpack_/node_modules/zone.js/dist/zone-testing.js:560:1)
    at &lt;Jasmine&gt;
</failure>
  </testcase>
  <testcase name="HolidayService http Test getHolidays should use post method and should return Observable" time="0.003" classname=".HolidayService http">
    <failure type="">TypeError: Cannot read property 'subscribe' of null
    at UserContext.&lt;anonymous&gt; (http://localhost:9876/_karma_webpack_/src/app/services/holiday.service.spec.ts:40:114)
    at ZoneDelegate.invoke (http://localhost:9876/_karma_webpack_/node_modules/zone.js/dist/zone-evergreen.js:364:1)
    at ProxyZoneSpec.push../node_modules/zone.js/dist/zone-testing.js.ProxyZoneSpec.onInvoke (http://localhost:9876/_karma_webpack_/node_modules/zone.js/dist/zone-testing.js:292:1)
    at ZoneDelegate.invoke (http://localhost:9876/_karma_webpack_/node_modules/zone.js/dist/zone-evergreen.js:363:1)
    at Zone.run (http://localhost:9876/_karma_webpack_/node_modules/zone.js/dist/zone-evergreen.js:123:1)
    at runInTestZone (http://localhost:9876/_karma_webpack_/node_modules/zone.js/dist/zone-testing.js:545:1)
    at UserContext.&lt;anonymous&gt; (http://localhost:9876/_karma_webpack_/node_modules/zone.js/dist/zone-testing.js:560:1)
    at &lt;Jasmine&gt;
</failure>
  </testcase>
  <testcase name="DashboardComponent Test HTML Month navigation, left button should call navigationArrowMonth function" time="0.075" classname=".DashboardComponent Test HTML">
    <failure type="">Error: Expected spy navigationArrowMonth to have been called with:
  [ 0 ]
but it was never called.
    at &lt;Jasmine&gt;
    at UserContext.&lt;anonymous&gt; (http://localhost:9876/_karma_webpack_/src/app/dashboard/dashboard.component.spec.ts:321:19)
    at ZoneDelegate.invoke (http://localhost:9876/_karma_webpack_/node_modules/zone.js/dist/zone-evergreen.js:364:1)
    at ProxyZoneSpec.push../node_modules/zone.js/dist/zone-testing.js.ProxyZoneSpec.onInvoke (http://localhost:9876/_karma_webpack_/node_modules/zone.js/dist/zone-testing.js:292:1)
</failure>
  </testcase>
  <testcase name="DashboardComponent Test HTML Year navigation, right button to be enabled" time="0.024" classname=".DashboardComponent Test HTML"/>
  <testcase name="DashboardComponent Test HTML Test1 selected city should be assigned to selectedCity" time="0.031" classname=".DashboardComponent Test HTML">
    <failure type="">TypeError: Cannot read property 'click' of undefined
    at http://localhost:9876/_karma_webpack_/src/app/dashboard/dashboard.component.spec.ts:564:27
    at Generator.next (&lt;anonymous&gt;)
    at fulfilled (http://localhost:9876/_karma_webpack_/node_modules/tslib/tslib.es6.js:71:42)
    at ZoneDelegate.invoke (http://localhost:9876/_karma_webpack_/node_modules/zone.js/dist/zone-evergreen.js:364:1)
    at ProxyZoneSpec.push../node_modules/zone.js/dist/zone-testing.js.ProxyZoneSpec.onInvoke (http://localhost:9876/_karma_webpack_/node_modules/zone.js/dist/zone-testing.js:292:1)
    at ZoneDelegate.invoke (http://localhost:9876/_karma_webpack_/node_modules/zone.js/dist/zone-evergreen.js:363:1)
    at Zone.run (http://localhost:9876/_karma_webpack_/node_modules/zone.js/dist/zone-evergreen.js:123:1)
    at http://localhost:9876/_karma_webpack_/node_modules/zone.js/dist/zone-evergreen.js:857:1
    at ZoneDelegate.invokeTask (http://localhost:9876/_karma_webpack_/node_modules/zone.js/dist/zone-evergreen.js:399:1)
    at ProxyZoneSpec.push../node_modules/zone.js/dist/zone-testing.js.ProxyZoneSpec.onInvokeTask (http://localhost:9876/_karma_webpack_/node_modules/zone.js/dist/zone-testing.js:323:1)
</failure>
  </testcase>
  <testcase name="DashboardComponent Test HTML Month navigation, right button should call navigationArrowMonth function" time="0.026" classname=".DashboardComponent Test HTML">
    <failure type="">Error: Expected spy navigationArrowMonth to have been called with:
  [ 1 ]
but it was never called.
    at &lt;Jasmine&gt;
    at UserContext.&lt;anonymous&gt; (http://localhost:9876/_karma_webpack_/src/app/dashboard/dashboard.component.spec.ts:332:19)
    at ZoneDelegate.invoke (http://localhost:9876/_karma_webpack_/node_modules/zone.js/dist/zone-evergreen.js:364:1)
    at ProxyZoneSpec.push../node_modules/zone.js/dist/zone-testing.js.ProxyZoneSpec.onInvoke (http://localhost:9876/_karma_webpack_/node_modules/zone.js/dist/zone-testing.js:292:1)
</failure>
  </testcase>
  <testcase name="DashboardComponent Test HTML Test1 Mat-select to display cities" time="0.025" classname=".DashboardComponent Test HTML">
    <failure type="">Error: Expected 0 to be 3.
    at &lt;Jasmine&gt;
    at http://localhost:9876/_karma_webpack_/src/app/dashboard/dashboard.component.spec.ts:538:27
    at Generator.next (&lt;anonymous&gt;)
    at fulfilled (http://localhost:9876/_karma_webpack_/node_modules/tslib/tslib.es6.js:71:42)
</failure>
    <failure type="">TypeError: Cannot read property 'getText' of undefined
    at http://localhost:9876/_karma_webpack_/src/app/dashboard/dashboard.component.spec.ts:540:37
    at Generator.next (&lt;anonymous&gt;)
    at fulfilled (http://localhost:9876/_karma_webpack_/node_modules/tslib/tslib.es6.js:71:42)
    at ZoneDelegate.invoke (http://localhost:9876/_karma_webpack_/node_modules/zone.js/dist/zone-evergreen.js:364:1)
    at ProxyZoneSpec.push../node_modules/zone.js/dist/zone-testing.js.ProxyZoneSpec.onInvoke (http://localhost:9876/_karma_webpack_/node_modules/zone.js/dist/zone-testing.js:292:1)
    at ZoneDelegate.invoke (http://localhost:9876/_karma_webpack_/node_modules/zone.js/dist/zone-evergreen.js:363:1)
    at Zone.run (http://localhost:9876/_karma_webpack_/node_modules/zone.js/dist/zone-evergreen.js:123:1)
    at http://localhost:9876/_karma_webpack_/node_modules/zone.js/dist/zone-evergreen.js:857:1
    at ZoneDelegate.invokeTask (http://localhost:9876/_karma_webpack_/node_modules/zone.js/dist/zone-evergreen.js:399:1)
    at ProxyZoneSpec.push../node_modules/zone.js/dist/zone-testing.js.ProxyZoneSpec.onInvokeTask (http://localhost:9876/_karma_webpack_/node_modules/zone.js/dist/zone-testing.js:323:1)
</failure>
  </testcase>
  <testcase name="DashboardComponent Test HTML Year navigation, right button should call navigationArrowYear function" time="0.018" classname=".DashboardComponent Test HTML">
    <failure type="">Error: Expected spy navigationArrowYear to have been called with:
  [ 1 ]
but it was never called.
    at &lt;Jasmine&gt;
    at UserContext.&lt;anonymous&gt; (http://localhost:9876/_karma_webpack_/src/app/dashboard/dashboard.component.spec.ts:355:19)
    at ZoneDelegate.invoke (http://localhost:9876/_karma_webpack_/node_modules/zone.js/dist/zone-evergreen.js:364:1)
    at ProxyZoneSpec.push../node_modules/zone.js/dist/zone-testing.js.ProxyZoneSpec.onInvoke (http://localhost:9876/_karma_webpack_/node_modules/zone.js/dist/zone-testing.js:292:1)
</failure>
  </testcase>
  <testcase name="DashboardComponent Test HTML Test2 Mat-select to display cities" time="0.027" classname=".DashboardComponent Test HTML">
    <failure type="">Error: Expected 0 to be 6.
    at &lt;Jasmine&gt;
    at http://localhost:9876/_karma_webpack_/src/app/dashboard/dashboard.component.spec.ts:550:27
    at Generator.next (&lt;anonymous&gt;)
    at fulfilled (http://localhost:9876/_karma_webpack_/node_modules/tslib/tslib.es6.js:71:42)
</failure>
    <failure type="">TypeError: Cannot read property 'getText' of undefined
    at http://localhost:9876/_karma_webpack_/src/app/dashboard/dashboard.component.spec.ts:552:37
    at Generator.next (&lt;anonymous&gt;)
    at fulfilled (http://localhost:9876/_karma_webpack_/node_modules/tslib/tslib.es6.js:71:42)
    at ZoneDelegate.invoke (http://localhost:9876/_karma_webpack_/node_modules/zone.js/dist/zone-evergreen.js:364:1)
    at ProxyZoneSpec.push../node_modules/zone.js/dist/zone-testing.js.ProxyZoneSpec.onInvoke (http://localhost:9876/_karma_webpack_/node_modules/zone.js/dist/zone-testing.js:292:1)
    at ZoneDelegate.invoke (http://localhost:9876/_karma_webpack_/node_modules/zone.js/dist/zone-evergreen.js:363:1)
    at Zone.run (http://localhost:9876/_karma_webpack_/node_modules/zone.js/dist/zone-evergreen.js:123:1)
    at http://localhost:9876/_karma_webpack_/node_modules/zone.js/dist/zone-evergreen.js:857:1
    at ZoneDelegate.invokeTask (http://localhost:9876/_karma_webpack_/node_modules/zone.js/dist/zone-evergreen.js:399:1)
    at ProxyZoneSpec.push../node_modules/zone.js/dist/zone-testing.js.ProxyZoneSpec.onInvokeTask (http://localhost:9876/_karma_webpack_/node_modules/zone.js/dist/zone-testing.js:323:1)
</failure>
  </testcase>
  <testcase name="DashboardComponent Test HTML year Value should change on button click" time="0.022" classname=".DashboardComponent Test HTML">
    <failure type="">Error: Expected '' to be '2019'.
    at &lt;Jasmine&gt;
    at UserContext.&lt;anonymous&gt; (http://localhost:9876/_karma_webpack_/src/app/dashboard/dashboard.component.spec.ts:481:42)
    at ZoneDelegate.invoke (http://localhost:9876/_karma_webpack_/node_modules/zone.js/dist/zone-evergreen.js:364:1)
    at ProxyZoneSpec.push../node_modules/zone.js/dist/zone-testing.js.ProxyZoneSpec.onInvoke (http://localhost:9876/_karma_webpack_/node_modules/zone.js/dist/zone-testing.js:292:1)
</failure>
    <failure type="">Error: Expected '' to be '2020'.
    at &lt;Jasmine&gt;
    at UserContext.&lt;anonymous&gt; (http://localhost:9876/_karma_webpack_/src/app/dashboard/dashboard.component.spec.ts:484:42)
    at ZoneDelegate.invoke (http://localhost:9876/_karma_webpack_/node_modules/zone.js/dist/zone-evergreen.js:364:1)
    at ProxyZoneSpec.push../node_modules/zone.js/dist/zone-testing.js.ProxyZoneSpec.onInvoke (http://localhost:9876/_karma_webpack_/node_modules/zone.js/dist/zone-testing.js:292:1)
</failure>
    <failure type="">Error: Expected '' to be '2020'.
    at &lt;Jasmine&gt;
    at UserContext.&lt;anonymous&gt; (http://localhost:9876/_karma_webpack_/src/app/dashboard/dashboard.component.spec.ts:488:42)
    at ZoneDelegate.invoke (http://localhost:9876/_karma_webpack_/node_modules/zone.js/dist/zone-evergreen.js:364:1)
    at ProxyZoneSpec.push../node_modules/zone.js/dist/zone-testing.js.ProxyZoneSpec.onInvoke (http://localhost:9876/_karma_webpack_/node_modules/zone.js/dist/zone-testing.js:292:1)
</failure>
  </testcase>
  <testcase name="DashboardComponent Test HTML Test2 selected city should be assigned to selectedCity" time="0.025" classname=".DashboardComponent Test HTML">
    <failure type="">TypeError: Cannot read property 'click' of undefined
    at http://localhost:9876/_karma_webpack_/src/app/dashboard/dashboard.component.spec.ts:575:27
    at Generator.next (&lt;anonymous&gt;)
    at fulfilled (http://localhost:9876/_karma_webpack_/node_modules/tslib/tslib.es6.js:71:42)
    at ZoneDelegate.invoke (http://localhost:9876/_karma_webpack_/node_modules/zone.js/dist/zone-evergreen.js:364:1)
    at ProxyZoneSpec.push../node_modules/zone.js/dist/zone-testing.js.ProxyZoneSpec.onInvoke (http://localhost:9876/_karma_webpack_/node_modules/zone.js/dist/zone-testing.js:292:1)
    at ZoneDelegate.invoke (http://localhost:9876/_karma_webpack_/node_modules/zone.js/dist/zone-evergreen.js:363:1)
    at Zone.run (http://localhost:9876/_karma_webpack_/node_modules/zone.js/dist/zone-evergreen.js:123:1)
    at http://localhost:9876/_karma_webpack_/node_modules/zone.js/dist/zone-evergreen.js:857:1
    at ZoneDelegate.invokeTask (http://localhost:9876/_karma_webpack_/node_modules/zone.js/dist/zone-evergreen.js:399:1)
    at ProxyZoneSpec.push../node_modules/zone.js/dist/zone-testing.js.ProxyZoneSpec.onInvokeTask (http://localhost:9876/_karma_webpack_/node_modules/zone.js/dist/zone-testing.js:323:1)
</failure>
  </testcase>
  <testcase name="DashboardComponent Test HTML when navigate month, year value should change on button click" time="0.025" classname=".DashboardComponent Test HTML">
    <failure type="">Error: Expected '' to be '2019'.
    at &lt;Jasmine&gt;
    at UserContext.&lt;anonymous&gt; (http://localhost:9876/_karma_webpack_/src/app/dashboard/dashboard.component.spec.ts:502:42)
    at ZoneDelegate.invoke (http://localhost:9876/_karma_webpack_/node_modules/zone.js/dist/zone-evergreen.js:364:1)
    at ProxyZoneSpec.push../node_modules/zone.js/dist/zone-testing.js.ProxyZoneSpec.onInvoke (http://localhost:9876/_karma_webpack_/node_modules/zone.js/dist/zone-testing.js:292:1)
</failure>
    <failure type="">Error: Expected '' to be '2020'.
    at &lt;Jasmine&gt;
    at UserContext.&lt;anonymous&gt; (http://localhost:9876/_karma_webpack_/src/app/dashboard/dashboard.component.spec.ts:506:42)
    at ZoneDelegate.invoke (http://localhost:9876/_karma_webpack_/node_modules/zone.js/dist/zone-evergreen.js:364:1)
    at ProxyZoneSpec.push../node_modules/zone.js/dist/zone-testing.js.ProxyZoneSpec.onInvoke (http://localhost:9876/_karma_webpack_/node_modules/zone.js/dist/zone-testing.js:292:1)
</failure>
    <failure type="">Error: Expected '' to be '2019'.
    at &lt;Jasmine&gt;
    at UserContext.&lt;anonymous&gt; (http://localhost:9876/_karma_webpack_/src/app/dashboard/dashboard.component.spec.ts:510:42)
    at ZoneDelegate.invoke (http://localhost:9876/_karma_webpack_/node_modules/zone.js/dist/zone-evergreen.js:364:1)
    at ProxyZoneSpec.push../node_modules/zone.js/dist/zone-testing.js.ProxyZoneSpec.onInvoke (http://localhost:9876/_karma_webpack_/node_modules/zone.js/dist/zone-testing.js:292:1)
</failure>
    <failure type="">Error: Expected '' to be '2018'.
    at &lt;Jasmine&gt;
    at UserContext.&lt;anonymous&gt; (http://localhost:9876/_karma_webpack_/src/app/dashboard/dashboard.component.spec.ts:516:42)
    at ZoneDelegate.invoke (http://localhost:9876/_karma_webpack_/node_modules/zone.js/dist/zone-evergreen.js:364:1)
    at ProxyZoneSpec.push../node_modules/zone.js/dist/zone-testing.js.ProxyZoneSpec.onInvoke (http://localhost:9876/_karma_webpack_/node_modules/zone.js/dist/zone-testing.js:292:1)
</failure>
    <failure type="">Error: Expected '' to be '2019'.
    at &lt;Jasmine&gt;
    at http://localhost:9876/_karma_webpack_/src/app/dashboard/dashboard.component.spec.ts:527:44
    at Array.forEach (&lt;anonymous&gt;)
    at UserContext.&lt;anonymous&gt; (http://localhost:9876/_karma_webpack_/src/app/dashboard/dashboard.component.spec.ts:522:11)
</failure>
    <failure type="">Error: Expected '' to be 'January'.
    at &lt;Jasmine&gt;
    at http://localhost:9876/_karma_webpack_/src/app/dashboard/dashboard.component.spec.ts:528:45
    at Array.forEach (&lt;anonymous&gt;)
    at UserContext.&lt;anonymous&gt; (http://localhost:9876/_karma_webpack_/src/app/dashboard/dashboard.component.spec.ts:522:11)
</failure>
    <failure type="">Error: Expected '' to be '2020'.
    at &lt;Jasmine&gt;
    at http://localhost:9876/_karma_webpack_/src/app/dashboard/dashboard.component.spec.ts:527:44
    at Array.forEach (&lt;anonymous&gt;)
    at UserContext.&lt;anonymous&gt; (http://localhost:9876/_karma_webpack_/src/app/dashboard/dashboard.component.spec.ts:522:11)
</failure>
    <failure type="">Error: Expected '' to be 'January'.
    at &lt;Jasmine&gt;
    at http://localhost:9876/_karma_webpack_/src/app/dashboard/dashboard.component.spec.ts:528:45
    at Array.forEach (&lt;anonymous&gt;)
    at UserContext.&lt;anonymous&gt; (http://localhost:9876/_karma_webpack_/src/app/dashboard/dashboard.component.spec.ts:522:11)
</failure>
    <failure type="">Error: Expected '' to be '2020'.
    at &lt;Jasmine&gt;
    at http://localhost:9876/_karma_webpack_/src/app/dashboard/dashboard.component.spec.ts:527:44
    at Array.forEach (&lt;anonymous&gt;)
    at UserContext.&lt;anonymous&gt; (http://localhost:9876/_karma_webpack_/src/app/dashboard/dashboard.component.spec.ts:522:11)
</failure>
    <failure type="">Error: Expected '' to be 'December'.
    at &lt;Jasmine&gt;
    at http://localhost:9876/_karma_webpack_/src/app/dashboard/dashboard.component.spec.ts:528:45
    at Array.forEach (&lt;anonymous&gt;)
    at UserContext.&lt;anonymous&gt; (http://localhost:9876/_karma_webpack_/src/app/dashboard/dashboard.component.spec.ts:522:11)
</failure>
  </testcase>
  <testcase name="DashboardComponent Test HTML Year navigation, left button should call navigationArrowYear function" time="0.019" classname=".DashboardComponent Test HTML">
    <failure type="">Error: Expected spy navigationArrowYear to have been called with:
  [ 0 ]
but it was never called.
    at &lt;Jasmine&gt;
    at UserContext.&lt;anonymous&gt; (http://localhost:9876/_karma_webpack_/src/app/dashboard/dashboard.component.spec.ts:344:19)
    at ZoneDelegate.invoke (http://localhost:9876/_karma_webpack_/node_modules/zone.js/dist/zone-evergreen.js:364:1)
    at ProxyZoneSpec.push../node_modules/zone.js/dist/zone-testing.js.ProxyZoneSpec.onInvoke (http://localhost:9876/_karma_webpack_/node_modules/zone.js/dist/zone-testing.js:292:1)
</failure>
  </testcase>
  <testcase name="DashboardComponent Test HTML Month navigation, right button to be enabled" time="0.097" classname=".DashboardComponent Test HTML"/>
  <testcase name="DashboardComponent Test HTML Month Value should change on button click" time="0.032" classname=".DashboardComponent Test HTML">
    <failure type="">Error: Expected '' to be 'January'.
    at &lt;Jasmine&gt;
    at http://localhost:9876/_karma_webpack_/src/app/dashboard/dashboard.component.spec.ts:458:45
    at Array.forEach (&lt;anonymous&gt;)
    at UserContext.&lt;anonymous&gt; (http://localhost:9876/_karma_webpack_/src/app/dashboard/dashboard.component.spec.ts:455:13)
</failure>
    <failure type="">Error: Expected '' to be 'February'.
    at &lt;Jasmine&gt;
    at http://localhost:9876/_karma_webpack_/src/app/dashboard/dashboard.component.spec.ts:458:45
    at Array.forEach (&lt;anonymous&gt;)
    at UserContext.&lt;anonymous&gt; (http://localhost:9876/_karma_webpack_/src/app/dashboard/dashboard.component.spec.ts:455:13)
</failure>
    <failure type="">Error: Expected '' to be 'March'.
    at &lt;Jasmine&gt;
    at http://localhost:9876/_karma_webpack_/src/app/dashboard/dashboard.component.spec.ts:458:45
    at Array.forEach (&lt;anonymous&gt;)
    at UserContext.&lt;anonymous&gt; (http://localhost:9876/_karma_webpack_/src/app/dashboard/dashboard.component.spec.ts:455:13)
</failure>
    <failure type="">Error: Expected '' to be 'April'.
    at &lt;Jasmine&gt;
    at http://localhost:9876/_karma_webpack_/src/app/dashboard/dashboard.component.spec.ts:458:45
    at Array.forEach (&lt;anonymous&gt;)
    at UserContext.&lt;anonymous&gt; (http://localhost:9876/_karma_webpack_/src/app/dashboard/dashboard.component.spec.ts:455:13)
</failure>
    <failure type="">Error: Expected '' to be 'May'.
    at &lt;Jasmine&gt;
    at http://localhost:9876/_karma_webpack_/src/app/dashboard/dashboard.component.spec.ts:458:45
    at Array.forEach (&lt;anonymous&gt;)
    at UserContext.&lt;anonymous&gt; (http://localhost:9876/_karma_webpack_/src/app/dashboard/dashboard.component.spec.ts:455:13)
</failure>
    <failure type="">Error: Expected '' to be 'June'.
    at &lt;Jasmine&gt;
    at http://localhost:9876/_karma_webpack_/src/app/dashboard/dashboard.component.spec.ts:458:45
    at Array.forEach (&lt;anonymous&gt;)
    at UserContext.&lt;anonymous&gt; (http://localhost:9876/_karma_webpack_/src/app/dashboard/dashboard.component.spec.ts:455:13)
</failure>
    <failure type="">Error: Expected '' to be 'July'.
    at &lt;Jasmine&gt;
    at http://localhost:9876/_karma_webpack_/src/app/dashboard/dashboard.component.spec.ts:458:45
    at Array.forEach (&lt;anonymous&gt;)
    at UserContext.&lt;anonymous&gt; (http://localhost:9876/_karma_webpack_/src/app/dashboard/dashboard.component.spec.ts:455:13)
</failure>
    <failure type="">Error: Expected '' to be 'August'.
    at &lt;Jasmine&gt;
    at http://localhost:9876/_karma_webpack_/src/app/dashboard/dashboard.component.spec.ts:458:45
    at Array.forEach (&lt;anonymous&gt;)
    at UserContext.&lt;anonymous&gt; (http://localhost:9876/_karma_webpack_/src/app/dashboard/dashboard.component.spec.ts:455:13)
</failure>
    <failure type="">Error: Expected '' to be 'September'.
    at &lt;Jasmine&gt;
    at http://localhost:9876/_karma_webpack_/src/app/dashboard/dashboard.component.spec.ts:458:45
    at Array.forEach (&lt;anonymous&gt;)
    at UserContext.&lt;anonymous&gt; (http://localhost:9876/_karma_webpack_/src/app/dashboard/dashboard.component.spec.ts:455:13)
</failure>
    <failure type="">Error: Expected '' to be 'October'.
    at &lt;Jasmine&gt;
    at http://localhost:9876/_karma_webpack_/src/app/dashboard/dashboard.component.spec.ts:458:45
    at Array.forEach (&lt;anonymous&gt;)
    at UserContext.&lt;anonymous&gt; (http://localhost:9876/_karma_webpack_/src/app/dashboard/dashboard.component.spec.ts:455:13)
</failure>
    <failure type="">Error: Expected '' to be 'November'.
    at &lt;Jasmine&gt;
    at http://localhost:9876/_karma_webpack_/src/app/dashboard/dashboard.component.spec.ts:458:45
    at Array.forEach (&lt;anonymous&gt;)
    at UserContext.&lt;anonymous&gt; (http://localhost:9876/_karma_webpack_/src/app/dashboard/dashboard.component.spec.ts:455:13)
</failure>
    <failure type="">Error: Expected '' to be 'December'.
    at &lt;Jasmine&gt;
    at http://localhost:9876/_karma_webpack_/src/app/dashboard/dashboard.component.spec.ts:458:45
    at Array.forEach (&lt;anonymous&gt;)
    at UserContext.&lt;anonymous&gt; (http://localhost:9876/_karma_webpack_/src/app/dashboard/dashboard.component.spec.ts:455:13)
</failure>
    <failure type="">Error: Expected '' to be 'December'.
    at &lt;Jasmine&gt;
    at http://localhost:9876/_karma_webpack_/src/app/dashboard/dashboard.component.spec.ts:466:45
    at Array.forEach (&lt;anonymous&gt;)
    at UserContext.&lt;anonymous&gt; (http://localhost:9876/_karma_webpack_/src/app/dashboard/dashboard.component.spec.ts:463:23)
</failure>
    <failure type="">Error: Expected '' to be 'November'.
    at &lt;Jasmine&gt;
    at http://localhost:9876/_karma_webpack_/src/app/dashboard/dashboard.component.spec.ts:466:45
    at Array.forEach (&lt;anonymous&gt;)
    at UserContext.&lt;anonymous&gt; (http://localhost:9876/_karma_webpack_/src/app/dashboard/dashboard.component.spec.ts:463:23)
</failure>
    <failure type="">Error: Expected '' to be 'October'.
    at &lt;Jasmine&gt;
    at http://localhost:9876/_karma_webpack_/src/app/dashboard/dashboard.component.spec.ts:466:45
    at Array.forEach (&lt;anonymous&gt;)
    at UserContext.&lt;anonymous&gt; (http://localhost:9876/_karma_webpack_/src/app/dashboard/dashboard.component.spec.ts:463:23)
</failure>
    <failure type="">Error: Expected '' to be 'September'.
    at &lt;Jasmine&gt;
    at http://localhost:9876/_karma_webpack_/src/app/dashboard/dashboard.component.spec.ts:466:45
    at Array.forEach (&lt;anonymous&gt;)
    at UserContext.&lt;anonymous&gt; (http://localhost:9876/_karma_webpack_/src/app/dashboard/dashboard.component.spec.ts:463:23)
</failure>
    <failure type="">Error: Expected '' to be 'August'.
    at &lt;Jasmine&gt;
    at http://localhost:9876/_karma_webpack_/src/app/dashboard/dashboard.component.spec.ts:466:45
    at Array.forEach (&lt;anonymous&gt;)
    at UserContext.&lt;anonymous&gt; (http://localhost:9876/_karma_webpack_/src/app/dashboard/dashboard.component.spec.ts:463:23)
</failure>
    <failure type="">Error: Expected '' to be 'July'.
    at &lt;Jasmine&gt;
    at http://localhost:9876/_karma_webpack_/src/app/dashboard/dashboard.component.spec.ts:466:45
    at Array.forEach (&lt;anonymous&gt;)
    at UserContext.&lt;anonymous&gt; (http://localhost:9876/_karma_webpack_/src/app/dashboard/dashboard.component.spec.ts:463:23)
</failure>
    <failure type="">Error: Expected '' to be 'June'.
    at &lt;Jasmine&gt;
    at http://localhost:9876/_karma_webpack_/src/app/dashboard/dashboard.component.spec.ts:466:45
    at Array.forEach (&lt;anonymous&gt;)
    at UserContext.&lt;anonymous&gt; (http://localhost:9876/_karma_webpack_/src/app/dashboard/dashboard.component.spec.ts:463:23)
</failure>
    <failure type="">Error: Expected '' to be 'May'.
    at &lt;Jasmine&gt;
    at http://localhost:9876/_karma_webpack_/src/app/dashboard/dashboard.component.spec.ts:466:45
    at Array.forEach (&lt;anonymous&gt;)
    at UserContext.&lt;anonymous&gt; (http://localhost:9876/_karma_webpack_/src/app/dashboard/dashboard.component.spec.ts:463:23)
</failure>
    <failure type="">Error: Expected '' to be 'April'.
    at &lt;Jasmine&gt;
    at http://localhost:9876/_karma_webpack_/src/app/dashboard/dashboard.component.spec.ts:466:45
    at Array.forEach (&lt;anonymous&gt;)
    at UserContext.&lt;anonymous&gt; (http://localhost:9876/_karma_webpack_/src/app/dashboard/dashboard.component.spec.ts:463:23)
</failure>
    <failure type="">Error: Expected '' to be 'March'.
    at &lt;Jasmine&gt;
    at http://localhost:9876/_karma_webpack_/src/app/dashboard/dashboard.component.spec.ts:466:45
    at Array.forEach (&lt;anonymous&gt;)
    at UserContext.&lt;anonymous&gt; (http://localhost:9876/_karma_webpack_/src/app/dashboard/dashboard.component.spec.ts:463:23)
</failure>
    <failure type="">Error: Expected '' to be 'February'.
    at &lt;Jasmine&gt;
    at http://localhost:9876/_karma_webpack_/src/app/dashboard/dashboard.component.spec.ts:466:45
    at Array.forEach (&lt;anonymous&gt;)
    at UserContext.&lt;anonymous&gt; (http://localhost:9876/_karma_webpack_/src/app/dashboard/dashboard.component.spec.ts:463:23)
</failure>
    <failure type="">Error: Expected '' to be 'January'.
    at &lt;Jasmine&gt;
    at http://localhost:9876/_karma_webpack_/src/app/dashboard/dashboard.component.spec.ts:466:45
    at Array.forEach (&lt;anonymous&gt;)
    at UserContext.&lt;anonymous&gt; (http://localhost:9876/_karma_webpack_/src/app/dashboard/dashboard.component.spec.ts:463:23)
</failure>
  </testcase>
  <testcase name="DashboardComponent Test HTML Month navigation, right button to be disabled" time="0.019" classname=".DashboardComponent Test HTML">
    <failure type="">Error: Expected false to be truthy.
    at &lt;Jasmine&gt;
    at UserContext.&lt;anonymous&gt; (http://localhost:9876/_karma_webpack_/src/app/dashboard/dashboard.component.spec.ts:403:28)
    at ZoneDelegate.invoke (http://localhost:9876/_karma_webpack_/node_modules/zone.js/dist/zone-evergreen.js:364:1)
    at ProxyZoneSpec.push../node_modules/zone.js/dist/zone-testing.js.ProxyZoneSpec.onInvoke (http://localhost:9876/_karma_webpack_/node_modules/zone.js/dist/zone-testing.js:292:1)
</failure>
    <failure type="">Error: Expected false to be truthy.
    at &lt;Jasmine&gt;
    at UserContext.&lt;anonymous&gt; (http://localhost:9876/_karma_webpack_/src/app/dashboard/dashboard.component.spec.ts:410:28)
    at ZoneDelegate.invoke (http://localhost:9876/_karma_webpack_/node_modules/zone.js/dist/zone-evergreen.js:364:1)
    at ProxyZoneSpec.push../node_modules/zone.js/dist/zone-testing.js.ProxyZoneSpec.onInvoke (http://localhost:9876/_karma_webpack_/node_modules/zone.js/dist/zone-testing.js:292:1)
</failure>
  </testcase>
  <testcase name="DashboardComponent Test HTML Year navigation, right button to be disabled" time="0.021" classname=".DashboardComponent Test HTML">
    <failure type="">Error: Expected false to be truthy.
    at &lt;Jasmine&gt;
    at UserContext.&lt;anonymous&gt; (http://localhost:9876/_karma_webpack_/src/app/dashboard/dashboard.component.spec.ts:366:28)
    at ZoneDelegate.invoke (http://localhost:9876/_karma_webpack_/node_modules/zone.js/dist/zone-evergreen.js:364:1)
    at ProxyZoneSpec.push../node_modules/zone.js/dist/zone-testing.js.ProxyZoneSpec.onInvoke (http://localhost:9876/_karma_webpack_/node_modules/zone.js/dist/zone-testing.js:292:1)
</failure>
    <failure type="">Error: Expected false to be truthy.
    at &lt;Jasmine&gt;
    at UserContext.&lt;anonymous&gt; (http://localhost:9876/_karma_webpack_/src/app/dashboard/dashboard.component.spec.ts:373:28)
    at ZoneDelegate.invoke (http://localhost:9876/_karma_webpack_/node_modules/zone.js/dist/zone-evergreen.js:364:1)
    at ProxyZoneSpec.push../node_modules/zone.js/dist/zone-testing.js.ProxyZoneSpec.onInvoke (http://localhost:9876/_karma_webpack_/node_modules/zone.js/dist/zone-testing.js:292:1)
</failure>
  </testcase>
  <testcase name="DashboardComponent Test TS file monthNavigatorValidation should return false" time="0.017" classname=".DashboardComponent Test TS file"/>
  <testcase name="DashboardComponent Test TS file getCities to get the city list and assign the response to cities" time="0.022" classname=".DashboardComponent Test TS file">
    <failure type="">Error: Expected spy HolidayService.getCities to have been called.
    at &lt;Jasmine&gt;
    at UserContext.&lt;anonymous&gt; (http://localhost:9876/_karma_webpack_/src/app/dashboard/dashboard.component.spec.ts:103:43)
    at ZoneDelegate.invoke (http://localhost:9876/_karma_webpack_/node_modules/zone.js/dist/zone-evergreen.js:364:1)
    at AsyncTestZoneSpec.push../node_modules/zone.js/dist/zone-testing.js.AsyncTestZoneSpec.onInvoke (http://localhost:9876/_karma_webpack_/node_modules/zone.js/dist/zone-testing.js:1032:1)
</failure>
    <failure type="">Error: Expected undefined to equal [ Object({ cityName: 'Abdc' }), Object({ cityName: 'ABc' }), Object({ cityName: 'Acc' }) ].
    at &lt;Jasmine&gt;
    at SafeSubscriber._next (http://localhost:9876/_karma_webpack_/src/app/dashboard/dashboard.component.spec.ts:106:34)
    at SafeSubscriber.__tryOrUnsub (http://localhost:9876/_karma_webpack_/node_modules/rxjs/_esm2015/internal/Subscriber.js:183:1)
    at SafeSubscriber.next (http://localhost:9876/_karma_webpack_/node_modules/rxjs/_esm2015/internal/Subscriber.js:122:1)
</failure>
    <failure type="">Error: Expected undefined to equal [ Object({ cityName: 'fAbdc' }), Object({ cityName: 'gABc' }), Object({ cityName: 'vAcc' }) ].
    at &lt;Jasmine&gt;
    at SafeSubscriber._next (http://localhost:9876/_karma_webpack_/src/app/dashboard/dashboard.component.spec.ts:114:34)
    at SafeSubscriber.__tryOrUnsub (http://localhost:9876/_karma_webpack_/node_modules/rxjs/_esm2015/internal/Subscriber.js:183:1)
    at SafeSubscriber.next (http://localhost:9876/_karma_webpack_/node_modules/rxjs/_esm2015/internal/Subscriber.js:122:1)
</failure>
  </testcase>
  <testcase name="DashboardComponent Test TS file yearNavigatorValidation should return true" time="0.019" classname=".DashboardComponent Test TS file"/>
  <testcase name="DashboardComponent Test TS file Test2 -> navigationArrowMonth arrow " time="0.022" classname=".DashboardComponent Test TS file">
    <failure type="">Error: Expected 11 to be 0.
    at &lt;Jasmine&gt;
    at UserContext.&lt;anonymous&gt; (http://localhost:9876/_karma_webpack_/src/app/dashboard/dashboard.component.spec.ts:148:36)
    at ZoneDelegate.invoke (http://localhost:9876/_karma_webpack_/node_modules/zone.js/dist/zone-evergreen.js:364:1)
    at ProxyZoneSpec.push../node_modules/zone.js/dist/zone-testing.js.ProxyZoneSpec.onInvoke (http://localhost:9876/_karma_webpack_/node_modules/zone.js/dist/zone-testing.js:292:1)
</failure>
    <failure type="">Error: Expected 2019 to be 2020.
    at &lt;Jasmine&gt;
    at UserContext.&lt;anonymous&gt; (http://localhost:9876/_karma_webpack_/src/app/dashboard/dashboard.component.spec.ts:149:30)
    at ZoneDelegate.invoke (http://localhost:9876/_karma_webpack_/node_modules/zone.js/dist/zone-evergreen.js:364:1)
    at ProxyZoneSpec.push../node_modules/zone.js/dist/zone-testing.js.ProxyZoneSpec.onInvoke (http://localhost:9876/_karma_webpack_/node_modules/zone.js/dist/zone-testing.js:292:1)
</failure>
    <failure type="">Error: Expected 11 to be 10.
    at &lt;Jasmine&gt;
    at UserContext.&lt;anonymous&gt; (http://localhost:9876/_karma_webpack_/src/app/dashboard/dashboard.component.spec.ts:156:36)
    at ZoneDelegate.invoke (http://localhost:9876/_karma_webpack_/node_modules/zone.js/dist/zone-evergreen.js:364:1)
    at ProxyZoneSpec.push../node_modules/zone.js/dist/zone-testing.js.ProxyZoneSpec.onInvoke (http://localhost:9876/_karma_webpack_/node_modules/zone.js/dist/zone-testing.js:292:1)
</failure>
    <failure type="">Error: Expected 11 to be 1.
    at &lt;Jasmine&gt;
    at UserContext.&lt;anonymous&gt; (http://localhost:9876/_karma_webpack_/src/app/dashboard/dashboard.component.spec.ts:163:36)
    at ZoneDelegate.invoke (http://localhost:9876/_karma_webpack_/node_modules/zone.js/dist/zone-evergreen.js:364:1)
    at ProxyZoneSpec.push../node_modules/zone.js/dist/zone-testing.js.ProxyZoneSpec.onInvoke (http://localhost:9876/_karma_webpack_/node_modules/zone.js/dist/zone-testing.js:292:1)
</failure>
    <failure type="">Error: Expected 2019 to be 2020.
    at &lt;Jasmine&gt;
    at UserContext.&lt;anonymous&gt; (http://localhost:9876/_karma_webpack_/src/app/dashboard/dashboard.component.spec.ts:164:30)
    at ZoneDelegate.invoke (http://localhost:9876/_karma_webpack_/node_modules/zone.js/dist/zone-evergreen.js:364:1)
    at ProxyZoneSpec.push../node_modules/zone.js/dist/zone-testing.js.ProxyZoneSpec.onInvoke (http://localhost:9876/_karma_webpack_/node_modules/zone.js/dist/zone-testing.js:292:1)
</failure>
  </testcase>
  <testcase name="DashboardComponent Test TS file Test3 -> navigationArrowMonth arrow " time="0.021" classname=".DashboardComponent Test TS file">
    <failure type="">Error: Expected 0 to be 11.
    at &lt;Jasmine&gt;
    at UserContext.&lt;anonymous&gt; (http://localhost:9876/_karma_webpack_/src/app/dashboard/dashboard.component.spec.ts:174:36)
    at ZoneDelegate.invoke (http://localhost:9876/_karma_webpack_/node_modules/zone.js/dist/zone-evergreen.js:364:1)
    at ProxyZoneSpec.push../node_modules/zone.js/dist/zone-testing.js.ProxyZoneSpec.onInvoke (http://localhost:9876/_karma_webpack_/node_modules/zone.js/dist/zone-testing.js:292:1)
</failure>
    <failure type="">Error: Expected 2019 to be 2018.
    at &lt;Jasmine&gt;
    at UserContext.&lt;anonymous&gt; (http://localhost:9876/_karma_webpack_/src/app/dashboard/dashboard.component.spec.ts:175:30)
    at ZoneDelegate.invoke (http://localhost:9876/_karma_webpack_/node_modules/zone.js/dist/zone-evergreen.js:364:1)
    at ProxyZoneSpec.push../node_modules/zone.js/dist/zone-testing.js.ProxyZoneSpec.onInvoke (http://localhost:9876/_karma_webpack_/node_modules/zone.js/dist/zone-testing.js:292:1)
</failure>
    <failure type="">Error: Expected 0 to be 10.
    at &lt;Jasmine&gt;
    at UserContext.&lt;anonymous&gt; (http://localhost:9876/_karma_webpack_/src/app/dashboard/dashboard.component.spec.ts:178:36)
    at ZoneDelegate.invoke (http://localhost:9876/_karma_webpack_/node_modules/zone.js/dist/zone-evergreen.js:364:1)
    at ProxyZoneSpec.push../node_modules/zone.js/dist/zone-testing.js.ProxyZoneSpec.onInvoke (http://localhost:9876/_karma_webpack_/node_modules/zone.js/dist/zone-testing.js:292:1)
</failure>
    <failure type="">Error: Expected 2019 to be 2018.
    at &lt;Jasmine&gt;
    at UserContext.&lt;anonymous&gt; (http://localhost:9876/_karma_webpack_/src/app/dashboard/dashboard.component.spec.ts:179:30)
    at ZoneDelegate.invoke (http://localhost:9876/_karma_webpack_/node_modules/zone.js/dist/zone-evergreen.js:364:1)
    at ProxyZoneSpec.push../node_modules/zone.js/dist/zone-testing.js.ProxyZoneSpec.onInvoke (http://localhost:9876/_karma_webpack_/node_modules/zone.js/dist/zone-testing.js:292:1)
</failure>
    <failure type="">Error: Expected 0 to be 11.
    at &lt;Jasmine&gt;
    at UserContext.&lt;anonymous&gt; (http://localhost:9876/_karma_webpack_/src/app/dashboard/dashboard.component.spec.ts:182:36)
    at ZoneDelegate.invoke (http://localhost:9876/_karma_webpack_/node_modules/zone.js/dist/zone-evergreen.js:364:1)
    at ProxyZoneSpec.push../node_modules/zone.js/dist/zone-testing.js.ProxyZoneSpec.onInvoke (http://localhost:9876/_karma_webpack_/node_modules/zone.js/dist/zone-testing.js:292:1)
</failure>
    <failure type="">Error: Expected 2019 to be 2018.
    at &lt;Jasmine&gt;
    at UserContext.&lt;anonymous&gt; (http://localhost:9876/_karma_webpack_/src/app/dashboard/dashboard.component.spec.ts:183:30)
    at ZoneDelegate.invoke (http://localhost:9876/_karma_webpack_/node_modules/zone.js/dist/zone-evergreen.js:364:1)
    at ProxyZoneSpec.push../node_modules/zone.js/dist/zone-testing.js.ProxyZoneSpec.onInvoke (http://localhost:9876/_karma_webpack_/node_modules/zone.js/dist/zone-testing.js:292:1)
</failure>
    <failure type="">Error: Expected 0 to be 2.
    at &lt;Jasmine&gt;
    at UserContext.&lt;anonymous&gt; (http://localhost:9876/_karma_webpack_/src/app/dashboard/dashboard.component.spec.ts:189:36)
    at ZoneDelegate.invoke (http://localhost:9876/_karma_webpack_/node_modules/zone.js/dist/zone-evergreen.js:364:1)
    at ProxyZoneSpec.push../node_modules/zone.js/dist/zone-testing.js.ProxyZoneSpec.onInvoke (http://localhost:9876/_karma_webpack_/node_modules/zone.js/dist/zone-testing.js:292:1)
</failure>
  </testcase>
  <testcase name="DashboardComponent Test TS file Test1 -> navigationArrowMonth arrow " time="0.021" classname=".DashboardComponent Test TS file">
    <failure type="">Error: Expected 10 to be 9.
    at &lt;Jasmine&gt;
    at UserContext.&lt;anonymous&gt; (http://localhost:9876/_karma_webpack_/src/app/dashboard/dashboard.component.spec.ts:125:36)
    at ZoneDelegate.invoke (http://localhost:9876/_karma_webpack_/node_modules/zone.js/dist/zone-evergreen.js:364:1)
    at ProxyZoneSpec.push../node_modules/zone.js/dist/zone-testing.js.ProxyZoneSpec.onInvoke (http://localhost:9876/_karma_webpack_/node_modules/zone.js/dist/zone-testing.js:292:1)
</failure>
    <failure type="">Error: Expected 10 to be 8.
    at &lt;Jasmine&gt;
    at UserContext.&lt;anonymous&gt; (http://localhost:9876/_karma_webpack_/src/app/dashboard/dashboard.component.spec.ts:129:36)
    at ZoneDelegate.invoke (http://localhost:9876/_karma_webpack_/node_modules/zone.js/dist/zone-evergreen.js:364:1)
    at ProxyZoneSpec.push../node_modules/zone.js/dist/zone-testing.js.ProxyZoneSpec.onInvoke (http://localhost:9876/_karma_webpack_/node_modules/zone.js/dist/zone-testing.js:292:1)
</failure>
    <failure type="">Error: Expected 10 to be 9.
    at &lt;Jasmine&gt;
    at UserContext.&lt;anonymous&gt; (http://localhost:9876/_karma_webpack_/src/app/dashboard/dashboard.component.spec.ts:133:36)
    at ZoneDelegate.invoke (http://localhost:9876/_karma_webpack_/node_modules/zone.js/dist/zone-evergreen.js:364:1)
    at ProxyZoneSpec.push../node_modules/zone.js/dist/zone-testing.js.ProxyZoneSpec.onInvoke (http://localhost:9876/_karma_webpack_/node_modules/zone.js/dist/zone-testing.js:292:1)
</failure>
  </testcase>
  <testcase name="DashboardComponent Test TS file yearNavigatorValidation should return true" time="0.019" classname=".DashboardComponent Test TS file">
    <failure type="">Error: Expected undefined to be truthy.
    at &lt;Jasmine&gt;
    at UserContext.&lt;anonymous&gt; (http://localhost:9876/_karma_webpack_/src/app/dashboard/dashboard.component.spec.ts:269:51)
    at ZoneDelegate.invoke (http://localhost:9876/_karma_webpack_/node_modules/zone.js/dist/zone-evergreen.js:364:1)
    at ProxyZoneSpec.push../node_modules/zone.js/dist/zone-testing.js.ProxyZoneSpec.onInvoke (http://localhost:9876/_karma_webpack_/node_modules/zone.js/dist/zone-testing.js:292:1)
</failure>
    <failure type="">Error: Expected undefined to be truthy.
    at &lt;Jasmine&gt;
    at UserContext.&lt;anonymous&gt; (http://localhost:9876/_karma_webpack_/src/app/dashboard/dashboard.component.spec.ts:275:51)
    at ZoneDelegate.invoke (http://localhost:9876/_karma_webpack_/node_modules/zone.js/dist/zone-evergreen.js:364:1)
    at ProxyZoneSpec.push../node_modules/zone.js/dist/zone-testing.js.ProxyZoneSpec.onInvoke (http://localhost:9876/_karma_webpack_/node_modules/zone.js/dist/zone-testing.js:292:1)
</failure>
    <failure type="">Error: Expected undefined to be truthy.
    at &lt;Jasmine&gt;
    at UserContext.&lt;anonymous&gt; (http://localhost:9876/_karma_webpack_/src/app/dashboard/dashboard.component.spec.ts:281:51)
    at ZoneDelegate.invoke (http://localhost:9876/_karma_webpack_/node_modules/zone.js/dist/zone-evergreen.js:364:1)
    at ProxyZoneSpec.push../node_modules/zone.js/dist/zone-testing.js.ProxyZoneSpec.onInvoke (http://localhost:9876/_karma_webpack_/node_modules/zone.js/dist/zone-testing.js:292:1)
</failure>
  </testcase>
  <testcase name="DashboardComponent Test TS file ngOnInit to load cities" time="0.018" classname=".DashboardComponent Test TS file"/>
  <testcase name="DashboardComponent Test TS file monthNavigatorValidation should return true" time="0.018" classname=".DashboardComponent Test TS file">
    <failure type="">Error: Expected undefined to be truthy.
    at &lt;Jasmine&gt;
    at UserContext.&lt;anonymous&gt; (http://localhost:9876/_karma_webpack_/src/app/dashboard/dashboard.component.spec.ts:223:52)
    at ZoneDelegate.invoke (http://localhost:9876/_karma_webpack_/node_modules/zone.js/dist/zone-evergreen.js:364:1)
    at ProxyZoneSpec.push../node_modules/zone.js/dist/zone-testing.js.ProxyZoneSpec.onInvoke (http://localhost:9876/_karma_webpack_/node_modules/zone.js/dist/zone-testing.js:292:1)
</failure>
    <failure type="">Error: Expected undefined to be truthy.
    at &lt;Jasmine&gt;
    at UserContext.&lt;anonymous&gt; (http://localhost:9876/_karma_webpack_/src/app/dashboard/dashboard.component.spec.ts:229:52)
    at ZoneDelegate.invoke (http://localhost:9876/_karma_webpack_/node_modules/zone.js/dist/zone-evergreen.js:364:1)
    at ProxyZoneSpec.push../node_modules/zone.js/dist/zone-testing.js.ProxyZoneSpec.onInvoke (http://localhost:9876/_karma_webpack_/node_modules/zone.js/dist/zone-testing.js:292:1)
</failure>
    <failure type="">Error: Expected undefined to be truthy.
    at &lt;Jasmine&gt;
    at UserContext.&lt;anonymous&gt; (http://localhost:9876/_karma_webpack_/src/app/dashboard/dashboard.component.spec.ts:235:52)
    at ZoneDelegate.invoke (http://localhost:9876/_karma_webpack_/node_modules/zone.js/dist/zone-evergreen.js:364:1)
    at ProxyZoneSpec.push../node_modules/zone.js/dist/zone-testing.js.ProxyZoneSpec.onInvoke (http://localhost:9876/_karma_webpack_/node_modules/zone.js/dist/zone-testing.js:292:1)
</failure>
  </testcase>
  <testcase name="DashboardComponent Test TS file ngOnInit to Initialize monthIndex and year" time="0.045" classname=".DashboardComponent Test TS file">
    <failure type="">Error: Expected 0 to be 10.
    at &lt;Jasmine&gt;
    at UserContext.&lt;anonymous&gt; (http://localhost:9876/_karma_webpack_/src/app/dashboard/dashboard.component.spec.ts:64:36)
    at ZoneDelegate.invoke (http://localhost:9876/_karma_webpack_/node_modules/zone.js/dist/zone-evergreen.js:364:1)
    at ProxyZoneSpec.push../node_modules/zone.js/dist/zone-testing.js.ProxyZoneSpec.onInvoke (http://localhost:9876/_karma_webpack_/node_modules/zone.js/dist/zone-testing.js:292:1)
</failure>
    <failure type="">Error: Expected undefined to be 2019.
    at &lt;Jasmine&gt;
    at UserContext.&lt;anonymous&gt; (http://localhost:9876/_karma_webpack_/src/app/dashboard/dashboard.component.spec.ts:65:30)
    at ZoneDelegate.invoke (http://localhost:9876/_karma_webpack_/node_modules/zone.js/dist/zone-evergreen.js:364:1)
    at ProxyZoneSpec.push../node_modules/zone.js/dist/zone-testing.js.ProxyZoneSpec.onInvoke (http://localhost:9876/_karma_webpack_/node_modules/zone.js/dist/zone-testing.js:292:1)
</failure>
    <failure type="">Error: Expected 0 to be 9.
    at &lt;Jasmine&gt;
    at UserContext.&lt;anonymous&gt; (http://localhost:9876/_karma_webpack_/src/app/dashboard/dashboard.component.spec.ts:72:36)
    at ZoneDelegate.invoke (http://localhost:9876/_karma_webpack_/node_modules/zone.js/dist/zone-evergreen.js:364:1)
    at ProxyZoneSpec.push../node_modules/zone.js/dist/zone-testing.js.ProxyZoneSpec.onInvoke (http://localhost:9876/_karma_webpack_/node_modules/zone.js/dist/zone-testing.js:292:1)
</failure>
    <failure type="">Error: Expected undefined to be 2018.
    at &lt;Jasmine&gt;
    at UserContext.&lt;anonymous&gt; (http://localhost:9876/_karma_webpack_/src/app/dashboard/dashboard.component.spec.ts:73:30)
    at ZoneDelegate.invoke (http://localhost:9876/_karma_webpack_/node_modules/zone.js/dist/zone-evergreen.js:364:1)
    at ProxyZoneSpec.push../node_modules/zone.js/dist/zone-testing.js.ProxyZoneSpec.onInvoke (http://localhost:9876/_karma_webpack_/node_modules/zone.js/dist/zone-testing.js:292:1)
</failure>
    <failure type="">Error: Expected undefined to be 2020.
    at &lt;Jasmine&gt;
    at UserContext.&lt;anonymous&gt; (http://localhost:9876/_karma_webpack_/src/app/dashboard/dashboard.component.spec.ts:81:30)
    at ZoneDelegate.invoke (http://localhost:9876/_karma_webpack_/node_modules/zone.js/dist/zone-evergreen.js:364:1)
    at ProxyZoneSpec.push../node_modules/zone.js/dist/zone-testing.js.ProxyZoneSpec.onInvoke (http://localhost:9876/_karma_webpack_/node_modules/zone.js/dist/zone-testing.js:292:1)
</failure>
    <failure type="">Error: Expected 0 to be 1.
    at &lt;Jasmine&gt;
    at UserContext.&lt;anonymous&gt; (http://localhost:9876/_karma_webpack_/src/app/dashboard/dashboard.component.spec.ts:88:36)
    at ZoneDelegate.invoke (http://localhost:9876/_karma_webpack_/node_modules/zone.js/dist/zone-evergreen.js:364:1)
    at ProxyZoneSpec.push../node_modules/zone.js/dist/zone-testing.js.ProxyZoneSpec.onInvoke (http://localhost:9876/_karma_webpack_/node_modules/zone.js/dist/zone-testing.js:292:1)
</failure>
    <failure type="">Error: Expected undefined to be 2021.
    at &lt;Jasmine&gt;
    at UserContext.&lt;anonymous&gt; (http://localhost:9876/_karma_webpack_/src/app/dashboard/dashboard.component.spec.ts:89:30)
    at ZoneDelegate.invoke (http://localhost:9876/_karma_webpack_/node_modules/zone.js/dist/zone-evergreen.js:364:1)
    at ProxyZoneSpec.push../node_modules/zone.js/dist/zone-testing.js.ProxyZoneSpec.onInvoke (http://localhost:9876/_karma_webpack_/node_modules/zone.js/dist/zone-testing.js:292:1)
</failure>
  </testcase>
  <testcase name="DashboardComponent Test TS file navigationArrowYear arrow" time="0.019" classname=".DashboardComponent Test TS file">
    <failure type="">Error: Expected 2019 to be 2018.
    at &lt;Jasmine&gt;
    at UserContext.&lt;anonymous&gt; (http://localhost:9876/_karma_webpack_/src/app/dashboard/dashboard.component.spec.ts:201:30)
    at ZoneDelegate.invoke (http://localhost:9876/_karma_webpack_/node_modules/zone.js/dist/zone-evergreen.js:364:1)
    at ProxyZoneSpec.push../node_modules/zone.js/dist/zone-testing.js.ProxyZoneSpec.onInvoke (http://localhost:9876/_karma_webpack_/node_modules/zone.js/dist/zone-testing.js:292:1)
</failure>
    <failure type="">Error: Expected 2019 to be 2017.
    at &lt;Jasmine&gt;
    at UserContext.&lt;anonymous&gt; (http://localhost:9876/_karma_webpack_/src/app/dashboard/dashboard.component.spec.ts:204:30)
    at ZoneDelegate.invoke (http://localhost:9876/_karma_webpack_/node_modules/zone.js/dist/zone-evergreen.js:364:1)
    at ProxyZoneSpec.push../node_modules/zone.js/dist/zone-testing.js.ProxyZoneSpec.onInvoke (http://localhost:9876/_karma_webpack_/node_modules/zone.js/dist/zone-testing.js:292:1)
</failure>
    <failure type="">Error: Expected 2019 to be 2018.
    at &lt;Jasmine&gt;
    at UserContext.&lt;anonymous&gt; (http://localhost:9876/_karma_webpack_/src/app/dashboard/dashboard.component.spec.ts:207:30)
    at ZoneDelegate.invoke (http://localhost:9876/_karma_webpack_/node_modules/zone.js/dist/zone-evergreen.js:364:1)
    at ProxyZoneSpec.push../node_modules/zone.js/dist/zone-testing.js.ProxyZoneSpec.onInvoke (http://localhost:9876/_karma_webpack_/node_modules/zone.js/dist/zone-testing.js:292:1)
</failure>
    <failure type="">Error: Expected 2019 to be 2020.
    at &lt;Jasmine&gt;
    at UserContext.&lt;anonymous&gt; (http://localhost:9876/_karma_webpack_/src/app/dashboard/dashboard.component.spec.ts:213:30)
    at ZoneDelegate.invoke (http://localhost:9876/_karma_webpack_/node_modules/zone.js/dist/zone-evergreen.js:364:1)
    at ProxyZoneSpec.push../node_modules/zone.js/dist/zone-testing.js.ProxyZoneSpec.onInvoke (http://localhost:9876/_karma_webpack_/node_modules/zone.js/dist/zone-testing.js:292:1)
</failure>
  </testcase>
  <system-out>
    <![CDATA[HeadlessChrome 90.0.4430 (Mac OS X 10.15.7) ERROR: 'DEPRECATION: describe with no children (describe() or it()) is deprecated and will be removed in a future version of Jasmine. Please either remove the describe or add children to it.
Error: 
    at <Jasmine>
    at Env.jasmineEnv.<computed> [as describe] (http://localhost:9876/_karma_webpack_/node_modules/zone.js/dist/zone-testing.js:457:1)
    at <Jasmine>
    at Module../src/app/app.component.spec.ts (http://localhost:9876/_karma_webpack_/src/app/app.component.spec.ts:5:1)
    at __webpack_require__ (http://localhost:9876/_karma_webpack_/webpack/bootstrap:79:1)
Note: This message will be shown only once. Set the verboseDeprecations config property to true to see every occurrence.'
,HeadlessChrome 90.0.4430 (Mac OS X 10.15.7) ERROR: 'DEPRECATION: An asynchronous function called its 'done' callback more than once. This is a bug in the spec, beforeAll, beforeEach, afterAll, or afterEach function in question. This will be treated as an error in a future version. See<https://jasmine.github.io/tutorials/upgrading_to_Jasmine_4.0#deprecations-due-to-calling-done-multiple-times> for more information.
(in spec: DashboardComponent Test TS file getCities to get the city list and assign the response to cities)
Error: 
    at <Jasmine>
    at http://localhost:9876/_karma_webpack_/node_modules/zone.js/dist/zone-testing.js:1141:50
    at ZoneDelegate.invoke (http://localhost:9876/_karma_webpack_/node_modules/zone.js/dist/zone-evergreen.js:364:1)
Note: This message will be shown only once. Set the verboseDeprecations config property to true to see every occurrence.'

]]>
  </system-out>
  <system-err/>
</testsuite>